2025-08-18T18:36:46.763-04:00  INFO 23280 --- [rotafuturo] [restartedMain] b.c.r.carreiras.RotafuturoApplication    : Starting RotafuturoApplication using Java 23.0.2 with PID 23280 (C:\Projetos\java\rotafuturo\RotaFuturo-API\target\classes started by crist in C:\Projetos\java\rotafuturo\RotaFuturo-API)
2025-08-18T18:36:46.776-04:00  INFO 23280 --- [rotafuturo] [restartedMain] b.c.r.carreiras.RotafuturoApplication    : No active profile set, falling back to 1 default profile: "default"
2025-08-18T18:36:47.044-04:00  INFO 23280 --- [rotafuturo] [restartedMain] .e.DevToolsPropertyDefaultsPostProcessor : Devtools property defaults active! Set 'spring.devtools.add-properties' to 'false' to disable
2025-08-18T18:36:47.085-04:00  INFO 23280 --- [rotafuturo] [restartedMain] .e.DevToolsPropertyDefaultsPostProcessor : For additional web related logging consider setting the 'logging.level.web' property to 'DEBUG'
2025-08-18T18:36:48.398-04:00  INFO 23280 --- [rotafuturo] [restartedMain] .s.d.r.c.RepositoryConfigurationDelegate : Bootstrapping Spring Data JPA repositories in DEFAULT mode.
2025-08-18T18:36:48.476-04:00  INFO 23280 --- [rotafuturo] [restartedMain] .s.d.r.c.RepositoryConfigurationDelegate : Finished Spring Data repository scanning in 67 ms. Found 1 JPA repository interface.
2025-08-18T18:36:49.498-04:00  INFO 23280 --- [rotafuturo] [restartedMain] o.s.b.w.embedded.tomcat.TomcatWebServer  : Tomcat initialized with port 8888 (http)
2025-08-18T18:36:49.530-04:00  INFO 23280 --- [rotafuturo] [restartedMain] o.apache.catalina.core.StandardService   : Starting service [Tomcat]
2025-08-18T18:36:49.532-04:00  INFO 23280 --- [rotafuturo] [restartedMain] o.apache.catalina.core.StandardEngine    : Starting Servlet engine: [Apache Tomcat/10.1.43]
2025-08-18T18:36:49.594-04:00  INFO 23280 --- [rotafuturo] [restartedMain] o.a.c.c.C.[Tomcat].[localhost].[/]       : Initializing Spring embedded WebApplicationContext
2025-08-18T18:36:49.595-04:00  INFO 23280 --- [rotafuturo] [restartedMain] w.s.c.ServletWebServerApplicationContext : Root WebApplicationContext: initialization completed in 2509 ms
2025-08-18T18:36:49.838-04:00  INFO 23280 --- [rotafuturo] [restartedMain] o.hibernate.jpa.internal.util.LogHelper  : HHH000204: Processing PersistenceUnitInfo [name: default]
2025-08-18T18:36:49.937-04:00  INFO 23280 --- [rotafuturo] [restartedMain] org.hibernate.Version                    : HHH000412: Hibernate ORM core version 6.6.22.Final
2025-08-18T18:36:50.013-04:00  INFO 23280 --- [rotafuturo] [restartedMain] o.h.c.internal.RegionFactoryInitiator    : HHH000026: Second-level cache disabled
2025-08-18T18:36:50.431-04:00  INFO 23280 --- [rotafuturo] [restartedMain] o.s.o.j.p.SpringPersistenceUnitInfo      : No LoadTimeWeaver setup: ignoring JPA class transformer
2025-08-18T18:36:50.489-04:00  INFO 23280 --- [rotafuturo] [restartedMain] com.zaxxer.hikari.HikariDataSource       : HikariPool-1 - Starting...
2025-08-18T18:36:50.842-04:00  INFO 23280 --- [rotafuturo] [restartedMain] com.zaxxer.hikari.pool.HikariPool        : HikariPool-1 - Added connection com.mysql.cj.jdbc.ConnectionImpl@4ddf685b
2025-08-18T18:36:50.846-04:00  INFO 23280 --- [rotafuturo] [restartedMain] com.zaxxer.hikari.HikariDataSource       : HikariPool-1 - Start completed.
2025-08-18T18:36:50.980-04:00  WARN 23280 --- [rotafuturo] [restartedMain] org.hibernate.orm.deprecation            : HHH90000025: MySQLDialect does not need to be specified explicitly using 'hibernate.dialect' (remove the property setting and it will be selected by default)
2025-08-18T18:36:51.011-04:00  INFO 23280 --- [rotafuturo] [restartedMain] org.hibernate.orm.connections.pooling    : HHH10001005: Database info:
	Database JDBC URL [Connecting through datasource 'HikariDataSource (HikariPool-1)']
	Database driver: undefined/unknown
	Database version: 8.0.41
	Autocommit mode: undefined/unknown
	Isolation level: undefined/unknown
	Minimum pool size: undefined/unknown
	Maximum pool size: undefined/unknown
2025-08-18T18:36:51.807-04:00  INFO 23280 --- [rotafuturo] [restartedMain] o.h.e.t.j.p.i.JtaPlatformInitiator       : HHH000489: No JTA platform available (set 'hibernate.transaction.jta.platform' to enable JTA platform integration)
2025-08-18T18:36:51.983-04:00  INFO 23280 --- [rotafuturo] [restartedMain] j.LocalContainerEntityManagerFactoryBean : Initialized JPA EntityManagerFactory for persistence unit 'default'
2025-08-18T18:36:52.619-04:00  INFO 23280 --- [rotafuturo] [restartedMain] r$InitializeUserDetailsManagerConfigurer : Global AuthenticationManager configured with UserDetailsService bean with name userDetailsServiceImpl
2025-08-18T18:36:52.743-04:00  WARN 23280 --- [rotafuturo] [restartedMain] JpaBaseConfiguration$JpaWebConfiguration : spring.jpa.open-in-view is enabled by default. Therefore, database queries may be performed during view rendering. Explicitly configure spring.jpa.open-in-view to disable this warning
2025-08-18T18:36:53.694-04:00  INFO 23280 --- [rotafuturo] [restartedMain] o.s.b.d.a.OptionalLiveReloadServer       : LiveReload server is running on port 35729
2025-08-18T18:36:53.764-04:00  INFO 23280 --- [rotafuturo] [restartedMain] o.s.b.w.embedded.tomcat.TomcatWebServer  : Tomcat started on port 8888 (http) with context path '/'
2025-08-18T18:36:53.778-04:00  INFO 23280 --- [rotafuturo] [restartedMain] b.c.r.carreiras.RotafuturoApplication    : Started RotafuturoApplication in 7.617 seconds (process running for 8.549)
2025-08-18T18:38:31.662-04:00  INFO 23280 --- [rotafuturo] [http-nio-8888-exec-1] o.a.c.c.C.[Tomcat].[localhost].[/]       : Initializing Spring DispatcherServlet 'dispatcherServlet'
2025-08-18T18:38:31.662-04:00  INFO 23280 --- [rotafuturo] [http-nio-8888-exec-1] o.s.web.servlet.DispatcherServlet        : Initializing Servlet 'dispatcherServlet'
2025-08-18T18:38:31.663-04:00  INFO 23280 --- [rotafuturo] [http-nio-8888-exec-1] o.s.web.servlet.DispatcherServlet        : Completed initialization in 1 ms
2025-08-18T19:21:10.906-04:00  WARN 23280 --- [rotafuturo] [HikariPool-1:housekeeper] com.zaxxer.hikari.pool.HikariPool        : HikariPool-1 - Thread starvation or clock leap detected (housekeeper delta=17m48s696ms506µs100ns).
2025-08-18T19:24:13.333-04:00  WARN 23280 --- [rotafuturo] [http-nio-8888-exec-4] b.c.r.carreiras.security.JwtAuthFilter   : Token JWT nulo ou inválido para URI: /usuario/exists
2025-08-18T19:24:17.813-04:00  WARN 23280 --- [rotafuturo] [http-nio-8888-exec-6] b.c.r.carreiras.security.JwtAuthFilter   : Token JWT nulo ou inválido para URI: /usuario/exists
2025-08-18T19:24:23.656-04:00  WARN 23280 --- [rotafuturo] [http-nio-8888-exec-8] b.c.r.carreiras.security.JwtAuthFilter   : Token JWT nulo ou inválido para URI: /usuario/exists
2025-08-18T20:15:18.256-04:00  WARN 23280 --- [rotafuturo] [http-nio-8888-exec-3] b.c.r.carreiras.security.JwtAuthFilter   : Token JWT nulo ou inválido para URI: /login
2025-08-18T20:21:40.773-04:00  WARN 23280 --- [rotafuturo] [http-nio-8888-exec-10] b.c.r.carreiras.security.JwtAuthFilter   : Token JWT nulo ou inválido para URI: /usuario/exists
2025-08-18T20:21:54.773-04:00  WARN 23280 --- [rotafuturo] [http-nio-8888-exec-2] b.c.r.carreiras.security.JwtAuthFilter   : Token JWT nulo ou inválido para URI: /usuario/exists
2025-08-18T20:22:04.046-04:00  WARN 23280 --- [rotafuturo] [http-nio-8888-exec-4] b.c.r.carreiras.security.JwtAuthFilter   : Token JWT nulo ou inválido para URI: /usuario/exists
2025-08-18T20:22:06.334-04:00  WARN 23280 --- [rotafuturo] [http-nio-8888-exec-6] b.c.r.carreiras.security.JwtAuthFilter   : Token JWT nulo ou inválido para URI: /usuario/exists
2025-08-18T20:22:07.281-04:00  WARN 23280 --- [rotafuturo] [http-nio-8888-exec-8] b.c.r.carreiras.security.JwtAuthFilter   : Token JWT nulo ou inválido para URI: /usuario/exists
2025-08-18T20:22:08.177-04:00  WARN 23280 --- [rotafuturo] [http-nio-8888-exec-10] b.c.r.carreiras.security.JwtAuthFilter   : Token JWT nulo ou inválido para URI: /usuario/exists
2025-08-18T20:22:14.682-04:00  WARN 23280 --- [rotafuturo] [http-nio-8888-exec-2] b.c.r.carreiras.security.JwtAuthFilter   : Token JWT nulo ou inválido para URI: /usuario/exists
2025-08-18T20:29:06.788-04:00  INFO 23280 --- [rotafuturo] [File Watcher] rtingClassPathChangeChangedEventListener : Restarting due to 5 class path changes (1 addition, 1 deletion, 3 modifications)
2025-08-18T20:29:06.824-04:00  INFO 23280 --- [rotafuturo] [Thread-5] o.s.b.w.e.tomcat.GracefulShutdown        : Commencing graceful shutdown. Waiting for active requests to complete
2025-08-18T20:29:06.849-04:00  INFO 23280 --- [rotafuturo] [tomcat-shutdown] o.s.b.w.e.tomcat.GracefulShutdown        : Graceful shutdown complete
2025-08-18T20:29:06.870-04:00  INFO 23280 --- [rotafuturo] [Thread-5] j.LocalContainerEntityManagerFactoryBean : Closing JPA EntityManagerFactory for persistence unit 'default'
2025-08-18T20:29:06.898-04:00  INFO 23280 --- [rotafuturo] [Thread-5] com.zaxxer.hikari.HikariDataSource       : HikariPool-1 - Shutdown initiated...
2025-08-18T20:29:06.907-04:00  INFO 23280 --- [rotafuturo] [Thread-5] com.zaxxer.hikari.HikariDataSource       : HikariPool-1 - Shutdown completed.
2025-08-18T20:29:07.161-04:00  INFO 23280 --- [rotafuturo] [restartedMain] b.c.r.carreiras.RotafuturoApplication    : Starting RotafuturoApplication using Java 23.0.2 with PID 23280 (C:\Projetos\java\rotafuturo\RotaFuturo-API\target\classes started by crist in C:\Projetos\java\rotafuturo\RotaFuturo-API)
2025-08-18T20:29:07.162-04:00  INFO 23280 --- [rotafuturo] [restartedMain] b.c.r.carreiras.RotafuturoApplication    : No active profile set, falling back to 1 default profile: "default"
2025-08-18T20:29:07.630-04:00  INFO 23280 --- [rotafuturo] [restartedMain] .s.d.r.c.RepositoryConfigurationDelegate : Bootstrapping Spring Data JPA repositories in DEFAULT mode.
2025-08-18T20:29:07.654-04:00  INFO 23280 --- [rotafuturo] [restartedMain] .s.d.r.c.RepositoryConfigurationDelegate : Finished Spring Data repository scanning in 22 ms. Found 1 JPA repository interface.
2025-08-18T20:29:07.932-04:00  INFO 23280 --- [rotafuturo] [restartedMain] o.s.b.w.embedded.tomcat.TomcatWebServer  : Tomcat initialized with port 8888 (http)
2025-08-18T20:29:07.937-04:00  INFO 23280 --- [rotafuturo] [restartedMain] o.apache.catalina.core.StandardService   : Starting service [Tomcat]
2025-08-18T20:29:07.937-04:00  INFO 23280 --- [rotafuturo] [restartedMain] o.apache.catalina.core.StandardEngine    : Starting Servlet engine: [Apache Tomcat/10.1.43]
2025-08-18T20:29:07.962-04:00  INFO 23280 --- [rotafuturo] [restartedMain] o.a.c.c.C.[Tomcat].[localhost].[/]       : Initializing Spring embedded WebApplicationContext
2025-08-18T20:29:07.962-04:00  INFO 23280 --- [rotafuturo] [restartedMain] w.s.c.ServletWebServerApplicationContext : Root WebApplicationContext: initialization completed in 792 ms
2025-08-18T20:29:08.051-04:00  INFO 23280 --- [rotafuturo] [restartedMain] o.hibernate.jpa.internal.util.LogHelper  : HHH000204: Processing PersistenceUnitInfo [name: default]
2025-08-18T20:29:08.055-04:00  INFO 23280 --- [rotafuturo] [restartedMain] o.h.c.internal.RegionFactoryInitiator    : HHH000026: Second-level cache disabled
2025-08-18T20:29:08.087-04:00  INFO 23280 --- [rotafuturo] [restartedMain] o.s.o.j.p.SpringPersistenceUnitInfo      : No LoadTimeWeaver setup: ignoring JPA class transformer
2025-08-18T20:29:08.089-04:00  INFO 23280 --- [rotafuturo] [restartedMain] com.zaxxer.hikari.HikariDataSource       : HikariPool-2 - Starting...
2025-08-18T20:29:08.099-04:00  INFO 23280 --- [rotafuturo] [restartedMain] com.zaxxer.hikari.pool.HikariPool        : HikariPool-2 - Added connection com.mysql.cj.jdbc.ConnectionImpl@5e39e1d7
2025-08-18T20:29:08.100-04:00  INFO 23280 --- [rotafuturo] [restartedMain] com.zaxxer.hikari.HikariDataSource       : HikariPool-2 - Start completed.
2025-08-18T20:29:08.103-04:00  WARN 23280 --- [rotafuturo] [restartedMain] org.hibernate.orm.deprecation            : HHH90000025: MySQLDialect does not need to be specified explicitly using 'hibernate.dialect' (remove the property setting and it will be selected by default)
2025-08-18T20:29:08.104-04:00  INFO 23280 --- [rotafuturo] [restartedMain] org.hibernate.orm.connections.pooling    : HHH10001005: Database info:
	Database JDBC URL [Connecting through datasource 'HikariDataSource (HikariPool-2)']
	Database driver: undefined/unknown
	Database version: 8.0.41
	Autocommit mode: undefined/unknown
	Isolation level: undefined/unknown
	Minimum pool size: undefined/unknown
	Maximum pool size: undefined/unknown
2025-08-18T20:29:08.175-04:00  INFO 23280 --- [rotafuturo] [restartedMain] o.h.e.t.j.p.i.JtaPlatformInitiator       : HHH000489: No JTA platform available (set 'hibernate.transaction.jta.platform' to enable JTA platform integration)
2025-08-18T20:29:08.238-04:00  INFO 23280 --- [rotafuturo] [restartedMain] j.LocalContainerEntityManagerFactoryBean : Initialized JPA EntityManagerFactory for persistence unit 'default'
2025-08-18T20:29:08.380-04:00  INFO 23280 --- [rotafuturo] [restartedMain] r$InitializeUserDetailsManagerConfigurer : Global AuthenticationManager configured with UserDetailsService bean with name userDetailsServiceImpl
2025-08-18T20:29:08.426-04:00  WARN 23280 --- [rotafuturo] [restartedMain] JpaBaseConfiguration$JpaWebConfiguration : spring.jpa.open-in-view is enabled by default. Therefore, database queries may be performed during view rendering. Explicitly configure spring.jpa.open-in-view to disable this warning
2025-08-18T20:29:08.658-04:00  INFO 23280 --- [rotafuturo] [restartedMain] o.s.b.d.a.OptionalLiveReloadServer       : LiveReload server is running on port 35729
2025-08-18T20:29:08.677-04:00  INFO 23280 --- [rotafuturo] [restartedMain] o.s.b.w.embedded.tomcat.TomcatWebServer  : Tomcat started on port 8888 (http) with context path '/'
2025-08-18T20:29:08.690-04:00  INFO 23280 --- [rotafuturo] [restartedMain] b.c.r.carreiras.RotafuturoApplication    : Started RotafuturoApplication in 1.604 seconds (process running for 6743.461)
2025-08-18T20:29:08.693-04:00  INFO 23280 --- [rotafuturo] [restartedMain] .ConditionEvaluationDeltaLoggingListener : Condition evaluation unchanged
2025-08-18T20:33:12.892-04:00  INFO 23280 --- [rotafuturo] [http-nio-8888-exec-1] o.a.c.c.C.[Tomcat].[localhost].[/]       : Initializing Spring DispatcherServlet 'dispatcherServlet'
2025-08-18T20:33:12.904-04:00  INFO 23280 --- [rotafuturo] [http-nio-8888-exec-1] o.s.web.servlet.DispatcherServlet        : Initializing Servlet 'dispatcherServlet'
2025-08-18T20:33:12.919-04:00  INFO 23280 --- [rotafuturo] [http-nio-8888-exec-1] o.s.web.servlet.DispatcherServlet        : Completed initialization in 15 ms
2025-08-18T20:35:07.615-04:00  WARN 23280 --- [rotafuturo] [http-nio-8888-exec-10] b.c.r.carreiras.security.JwtAuthFilter   : Token JWT nulo ou inválido para URI: /usuario/exists
2025-08-18T20:35:10.483-04:00  WARN 23280 --- [rotafuturo] [http-nio-8888-exec-1] b.c.r.carreiras.security.JwtAuthFilter   : Token JWT nulo ou inválido para URI: /usuario/exists
2025-08-18T20:35:27.765-04:00  WARN 23280 --- [rotafuturo] [http-nio-8888-exec-6] b.c.r.carreiras.security.JwtAuthFilter   : Token JWT nulo ou inválido para URI: /login
2025-08-18T20:36:16.142-04:00  INFO 23280 --- [rotafuturo] [File Watcher] rtingClassPathChangeChangedEventListener : Restarting due to 1 class path change (0 additions, 0 deletions, 1 modification)
2025-08-18T20:36:16.145-04:00  INFO 23280 --- [rotafuturo] [Thread-7] o.s.b.w.e.tomcat.GracefulShutdown        : Commencing graceful shutdown. Waiting for active requests to complete
2025-08-18T20:36:16.159-04:00  INFO 23280 --- [rotafuturo] [tomcat-shutdown] o.s.b.w.e.tomcat.GracefulShutdown        : Graceful shutdown complete
2025-08-18T20:36:16.165-04:00  INFO 23280 --- [rotafuturo] [Thread-7] j.LocalContainerEntityManagerFactoryBean : Closing JPA EntityManagerFactory for persistence unit 'default'
2025-08-18T20:36:16.167-04:00  INFO 23280 --- [rotafuturo] [Thread-7] com.zaxxer.hikari.HikariDataSource       : HikariPool-2 - Shutdown initiated...
2025-08-18T20:36:16.173-04:00  INFO 23280 --- [rotafuturo] [Thread-7] com.zaxxer.hikari.HikariDataSource       : HikariPool-2 - Shutdown completed.
2025-08-18T20:36:16.278-04:00  INFO 23280 --- [rotafuturo] [restartedMain] b.c.r.carreiras.RotafuturoApplication    : Starting RotafuturoApplication using Java 23.0.2 with PID 23280 (C:\Projetos\java\rotafuturo\RotaFuturo-API\target\classes started by crist in C:\Projetos\java\rotafuturo\RotaFuturo-API)
2025-08-18T20:36:16.278-04:00  INFO 23280 --- [rotafuturo] [restartedMain] b.c.r.carreiras.RotafuturoApplication    : No active profile set, falling back to 1 default profile: "default"
2025-08-18T20:36:16.534-04:00  INFO 23280 --- [rotafuturo] [restartedMain] .s.d.r.c.RepositoryConfigurationDelegate : Bootstrapping Spring Data JPA repositories in DEFAULT mode.
2025-08-18T20:36:16.550-04:00  INFO 23280 --- [rotafuturo] [restartedMain] .s.d.r.c.RepositoryConfigurationDelegate : Finished Spring Data repository scanning in 14 ms. Found 1 JPA repository interface.
2025-08-18T20:36:16.727-04:00  INFO 23280 --- [rotafuturo] [restartedMain] o.s.b.w.embedded.tomcat.TomcatWebServer  : Tomcat initialized with port 8888 (http)
2025-08-18T20:36:16.729-04:00  INFO 23280 --- [rotafuturo] [restartedMain] o.apache.catalina.core.StandardService   : Starting service [Tomcat]
2025-08-18T20:36:16.729-04:00  INFO 23280 --- [rotafuturo] [restartedMain] o.apache.catalina.core.StandardEngine    : Starting Servlet engine: [Apache Tomcat/10.1.43]
2025-08-18T20:36:16.747-04:00  INFO 23280 --- [rotafuturo] [restartedMain] o.a.c.c.C.[Tomcat].[localhost].[/]       : Initializing Spring embedded WebApplicationContext
2025-08-18T20:36:16.747-04:00  INFO 23280 --- [rotafuturo] [restartedMain] w.s.c.ServletWebServerApplicationContext : Root WebApplicationContext: initialization completed in 465 ms
2025-08-18T20:36:16.804-04:00  INFO 23280 --- [rotafuturo] [restartedMain] o.hibernate.jpa.internal.util.LogHelper  : HHH000204: Processing PersistenceUnitInfo [name: default]
2025-08-18T20:36:16.806-04:00  INFO 23280 --- [rotafuturo] [restartedMain] o.h.c.internal.RegionFactoryInitiator    : HHH000026: Second-level cache disabled
2025-08-18T20:36:16.812-04:00  INFO 23280 --- [rotafuturo] [restartedMain] o.s.o.j.p.SpringPersistenceUnitInfo      : No LoadTimeWeaver setup: ignoring JPA class transformer
2025-08-18T20:36:16.812-04:00  INFO 23280 --- [rotafuturo] [restartedMain] com.zaxxer.hikari.HikariDataSource       : HikariPool-3 - Starting...
2025-08-18T20:36:16.822-04:00  INFO 23280 --- [rotafuturo] [restartedMain] com.zaxxer.hikari.pool.HikariPool        : HikariPool-3 - Added connection com.mysql.cj.jdbc.ConnectionImpl@56e06cdb
2025-08-18T20:36:16.822-04:00  INFO 23280 --- [rotafuturo] [restartedMain] com.zaxxer.hikari.HikariDataSource       : HikariPool-3 - Start completed.
2025-08-18T20:36:16.824-04:00  WARN 23280 --- [rotafuturo] [restartedMain] org.hibernate.orm.deprecation            : HHH90000025: MySQLDialect does not need to be specified explicitly using 'hibernate.dialect' (remove the property setting and it will be selected by default)
2025-08-18T20:36:16.824-04:00  INFO 23280 --- [rotafuturo] [restartedMain] org.hibernate.orm.connections.pooling    : HHH10001005: Database info:
	Database JDBC URL [Connecting through datasource 'HikariDataSource (HikariPool-3)']
	Database driver: undefined/unknown
	Database version: 8.0.41
	Autocommit mode: undefined/unknown
	Isolation level: undefined/unknown
	Minimum pool size: undefined/unknown
	Maximum pool size: undefined/unknown
2025-08-18T20:36:16.887-04:00  INFO 23280 --- [rotafuturo] [restartedMain] o.h.e.t.j.p.i.JtaPlatformInitiator       : HHH000489: No JTA platform available (set 'hibernate.transaction.jta.platform' to enable JTA platform integration)
2025-08-18T20:36:16.901-04:00  INFO 23280 --- [rotafuturo] [restartedMain] j.LocalContainerEntityManagerFactoryBean : Initialized JPA EntityManagerFactory for persistence unit 'default'
2025-08-18T20:36:16.971-04:00  INFO 23280 --- [rotafuturo] [restartedMain] r$InitializeUserDetailsManagerConfigurer : Global AuthenticationManager configured with UserDetailsService bean with name userDetailsServiceImpl
2025-08-18T20:36:16.984-04:00  WARN 23280 --- [rotafuturo] [restartedMain] JpaBaseConfiguration$JpaWebConfiguration : spring.jpa.open-in-view is enabled by default. Therefore, database queries may be performed during view rendering. Explicitly configure spring.jpa.open-in-view to disable this warning
2025-08-18T20:36:17.103-04:00  INFO 23280 --- [rotafuturo] [restartedMain] o.s.b.d.a.OptionalLiveReloadServer       : LiveReload server is running on port 35729
2025-08-18T20:36:17.112-04:00  INFO 23280 --- [rotafuturo] [restartedMain] o.s.b.w.embedded.tomcat.TomcatWebServer  : Tomcat started on port 8888 (http) with context path '/'
2025-08-18T20:36:17.117-04:00  INFO 23280 --- [rotafuturo] [restartedMain] b.c.r.carreiras.RotafuturoApplication    : Started RotafuturoApplication in 0.875 seconds (process running for 7171.887)
2025-08-18T20:36:17.119-04:00  INFO 23280 --- [rotafuturo] [restartedMain] .ConditionEvaluationDeltaLoggingListener : Condition evaluation unchanged
2025-08-18T20:36:35.474-04:00  INFO 23280 --- [rotafuturo] [http-nio-8888-exec-1] o.a.c.c.C.[Tomcat].[localhost].[/]       : Initializing Spring DispatcherServlet 'dispatcherServlet'
2025-08-18T20:36:35.474-04:00  INFO 23280 --- [rotafuturo] [http-nio-8888-exec-1] o.s.web.servlet.DispatcherServlet        : Initializing Servlet 'dispatcherServlet'
2025-08-18T20:36:35.484-04:00  INFO 23280 --- [rotafuturo] [http-nio-8888-exec-1] o.s.web.servlet.DispatcherServlet        : Completed initialization in 10 ms
2025-08-18T20:41:35.685-04:00  INFO 23280 --- [rotafuturo] [File Watcher] rtingClassPathChangeChangedEventListener : Restarting due to 1 class path change (0 additions, 0 deletions, 1 modification)
2025-08-18T20:41:35.690-04:00  INFO 23280 --- [rotafuturo] [Thread-11] o.s.b.w.e.tomcat.GracefulShutdown        : Commencing graceful shutdown. Waiting for active requests to complete
2025-08-18T20:41:35.698-04:00  INFO 23280 --- [rotafuturo] [tomcat-shutdown] o.s.b.w.e.tomcat.GracefulShutdown        : Graceful shutdown complete
2025-08-18T20:41:35.703-04:00  INFO 23280 --- [rotafuturo] [Thread-11] j.LocalContainerEntityManagerFactoryBean : Closing JPA EntityManagerFactory for persistence unit 'default'
2025-08-18T20:41:35.705-04:00  INFO 23280 --- [rotafuturo] [Thread-11] com.zaxxer.hikari.HikariDataSource       : HikariPool-3 - Shutdown initiated...
2025-08-18T20:41:35.709-04:00  INFO 23280 --- [rotafuturo] [Thread-11] com.zaxxer.hikari.HikariDataSource       : HikariPool-3 - Shutdown completed.
2025-08-18T20:41:35.794-04:00  INFO 23280 --- [rotafuturo] [restartedMain] b.c.r.carreiras.RotafuturoApplication    : Starting RotafuturoApplication using Java 23.0.2 with PID 23280 (C:\Projetos\java\rotafuturo\RotaFuturo-API\target\classes started by crist in C:\Projetos\java\rotafuturo\RotaFuturo-API)
2025-08-18T20:41:35.795-04:00  INFO 23280 --- [rotafuturo] [restartedMain] b.c.r.carreiras.RotafuturoApplication    : No active profile set, falling back to 1 default profile: "default"
2025-08-18T20:41:35.987-04:00  INFO 23280 --- [rotafuturo] [restartedMain] .s.d.r.c.RepositoryConfigurationDelegate : Bootstrapping Spring Data JPA repositories in DEFAULT mode.
2025-08-18T20:41:35.999-04:00  INFO 23280 --- [rotafuturo] [restartedMain] .s.d.r.c.RepositoryConfigurationDelegate : Finished Spring Data repository scanning in 11 ms. Found 1 JPA repository interface.
2025-08-18T20:41:36.116-04:00  INFO 23280 --- [rotafuturo] [restartedMain] o.s.b.w.embedded.tomcat.TomcatWebServer  : Tomcat initialized with port 8888 (http)
2025-08-18T20:41:36.117-04:00  INFO 23280 --- [rotafuturo] [restartedMain] o.apache.catalina.core.StandardService   : Starting service [Tomcat]
2025-08-18T20:41:36.117-04:00  INFO 23280 --- [rotafuturo] [restartedMain] o.apache.catalina.core.StandardEngine    : Starting Servlet engine: [Apache Tomcat/10.1.43]
2025-08-18T20:41:36.134-04:00  INFO 23280 --- [rotafuturo] [restartedMain] o.a.c.c.C.[Tomcat].[localhost].[/]       : Initializing Spring embedded WebApplicationContext
2025-08-18T20:41:36.135-04:00  INFO 23280 --- [rotafuturo] [restartedMain] w.s.c.ServletWebServerApplicationContext : Root WebApplicationContext: initialization completed in 338 ms
2025-08-18T20:41:36.191-04:00  INFO 23280 --- [rotafuturo] [restartedMain] o.hibernate.jpa.internal.util.LogHelper  : HHH000204: Processing PersistenceUnitInfo [name: default]
2025-08-18T20:41:36.193-04:00  INFO 23280 --- [rotafuturo] [restartedMain] o.h.c.internal.RegionFactoryInitiator    : HHH000026: Second-level cache disabled
2025-08-18T20:41:36.200-04:00  INFO 23280 --- [rotafuturo] [restartedMain] o.s.o.j.p.SpringPersistenceUnitInfo      : No LoadTimeWeaver setup: ignoring JPA class transformer
2025-08-18T20:41:36.201-04:00  INFO 23280 --- [rotafuturo] [restartedMain] com.zaxxer.hikari.HikariDataSource       : HikariPool-4 - Starting...
2025-08-18T20:41:36.211-04:00  INFO 23280 --- [rotafuturo] [restartedMain] com.zaxxer.hikari.pool.HikariPool        : HikariPool-4 - Added connection com.mysql.cj.jdbc.ConnectionImpl@7102708b
2025-08-18T20:41:36.211-04:00  INFO 23280 --- [rotafuturo] [restartedMain] com.zaxxer.hikari.HikariDataSource       : HikariPool-4 - Start completed.
2025-08-18T20:41:36.213-04:00  WARN 23280 --- [rotafuturo] [restartedMain] org.hibernate.orm.deprecation            : HHH90000025: MySQLDialect does not need to be specified explicitly using 'hibernate.dialect' (remove the property setting and it will be selected by default)
2025-08-18T20:41:36.214-04:00  INFO 23280 --- [rotafuturo] [restartedMain] org.hibernate.orm.connections.pooling    : HHH10001005: Database info:
	Database JDBC URL [Connecting through datasource 'HikariDataSource (HikariPool-4)']
	Database driver: undefined/unknown
	Database version: 8.0.41
	Autocommit mode: undefined/unknown
	Isolation level: undefined/unknown
	Minimum pool size: undefined/unknown
	Maximum pool size: undefined/unknown
2025-08-18T20:41:36.257-04:00  INFO 23280 --- [rotafuturo] [restartedMain] o.h.e.t.j.p.i.JtaPlatformInitiator       : HHH000489: No JTA platform available (set 'hibernate.transaction.jta.platform' to enable JTA platform integration)
2025-08-18T20:41:36.271-04:00  INFO 23280 --- [rotafuturo] [restartedMain] j.LocalContainerEntityManagerFactoryBean : Initialized JPA EntityManagerFactory for persistence unit 'default'
2025-08-18T20:41:36.351-04:00  INFO 23280 --- [rotafuturo] [restartedMain] r$InitializeUserDetailsManagerConfigurer : Global AuthenticationManager configured with UserDetailsService bean with name userDetailsServiceImpl
2025-08-18T20:41:36.365-04:00  WARN 23280 --- [rotafuturo] [restartedMain] JpaBaseConfiguration$JpaWebConfiguration : spring.jpa.open-in-view is enabled by default. Therefore, database queries may be performed during view rendering. Explicitly configure spring.jpa.open-in-view to disable this warning
2025-08-18T20:41:36.481-04:00  INFO 23280 --- [rotafuturo] [restartedMain] o.s.b.d.a.OptionalLiveReloadServer       : LiveReload server is running on port 35729
2025-08-18T20:41:36.493-04:00  INFO 23280 --- [rotafuturo] [restartedMain] o.s.b.w.embedded.tomcat.TomcatWebServer  : Tomcat started on port 8888 (http) with context path '/'
2025-08-18T20:41:36.498-04:00  INFO 23280 --- [rotafuturo] [restartedMain] b.c.r.carreiras.RotafuturoApplication    : Started RotafuturoApplication in 0.732 seconds (process running for 7491.269)
2025-08-18T20:41:36.500-04:00  INFO 23280 --- [rotafuturo] [restartedMain] .ConditionEvaluationDeltaLoggingListener : Condition evaluation unchanged
